<?xml version="1.0" encoding="UTF-8"?>
<!-- Generated by org.testng.reporters.JUnitReportReporter -->
<testsuite hostname="DESKTOP-FOUIJUS" failures="0" tests="3" name="TestNg.Example7_Parallel" time="0.021" errors="0" timestamp="2024-05-07T09:52:18 IST" skipped="0">
  <testcase classname="TestNg.Example7_Parallel" name="TC2" time="0.002"/>
  <system-out/>
  <testcase classname="TestNg.Example7_Parallel" name="TC1" time="0.017"/>
  <system-out/>
  <testcase classname="TestNg.Example7_Parallel" name="TC3" time="0.002"/>
  <system-out/>
</testsuite> <!-- TestNg.Example7_Parallel -->
