<?xml version="1.0" encoding="UTF-8"?>
<!-- Generated by org.testng.reporters.JUnitReportReporter -->
<testsuite hostname="DESKTOP-FOUIJUS" failures="0" tests="4" name="TestNg.Example10_Invocation1" time="0.036" errors="0" timestamp="2024-05-08T09:39:45 IST" skipped="0">
  <testcase classname="TestNg.Example10_Invocation1" name="login" time="0.004"/>
  <system-out>
    <![CDATA[Tc2 Passed]]>
  </system-out>
  <testcase classname="TestNg.Example10_Invocation1" name="openBrowser" time="0.003"/>
  <system-out>
    <![CDATA[Tc1 Passed]]>
  </system-out>
  <testcase classname="TestNg.Example10_Invocation1" name="logout" time="0.004"/>
  <system-out>
    <![CDATA[Tc4 Passed]]>
  </system-out>
  <testcase classname="TestNg.Example10_Invocation1" name="TC5" time="0.025"/>
  <system-out>
    <![CDATA[Tc3 Passed]]>
  </system-out>
</testsuite> <!-- TestNg.Example10_Invocation1 -->
