<?xml version="1.0" encoding="UTF-8"?>
<!-- Generated by org.testng.reporters.JUnitReportReporter -->
<testsuite hostname="DESKTOP-FOUIJUS" failures="0" tests="3" name="TestNg.Example2" time="0.012" errors="0" timestamp="2024-05-08T09:39:44 IST" skipped="0">
  <testcase classname="TestNg.Example2" name="TC4" time="0.005"/>
  <system-out/>
  <testcase classname="TestNg.Example2" name="TC6" time="0.002"/>
  <system-out/>
  <testcase classname="TestNg.Example2" name="TC5" time="0.005"/>
  <system-out/>
</testsuite> <!-- TestNg.Example2 -->
