<?xml version="1.0" encoding="UTF-8"?>
<!-- Generated by org.testng.reporters.JUnitReportReporter -->
<testsuite hostname="DESKTOP-FOUIJUS" failures="0" tests="1" name="TestNg.Example7_Parallel11" time="7.786" errors="0" timestamp="2024-05-08T10:00:48 IST" skipped="0">
  <testcase classname="TestNg.Example7_Parallel11" name="OPenFacebookApp" time="7.786"/>
  <system-out/>
</testsuite> <!-- TestNg.Example7_Parallel11 -->
