<?xml version="1.0" encoding="UTF-8"?>
<!-- Generated by org.testng.reporters.JUnitReportReporter -->
<testsuite hostname="DESKTOP-FOUIJUS" failures="0" tests="3" name="TestNg.Example7_Parallel2" time="0.020" errors="0" timestamp="2024-01-03T22:41:38 IST" skipped="0">
  <testcase classname="TestNg.Example7_Parallel2" name="TC6" time="0.006"/>
  <system-out/>
  <testcase classname="TestNg.Example7_Parallel2" name="TC4" time="0.011"/>
  <system-out/>
  <testcase classname="TestNg.Example7_Parallel2" name="TC5" time="0.003"/>
  <system-out/>
</testsuite> <!-- TestNg.Example7_Parallel2 -->
