<?xml version="1.0" encoding="UTF-8"?>
<!-- Generated by org.testng.reporters.JUnitReportReporter -->
<testsuite hostname="DESKTOP-FOUIJUS" failures="0" tests="1" name="practicePOM_DDF_TestNG.Example1_SwagLabs_TestPage2" time="5.247" errors="0" timestamp="2024-01-30T16:41:59 IST" skipped="0">
  <testcase classname="practicePOM_DDF_TestNG.Example1_SwagLabs_TestPage2" name="VerifyAppName" time="5.247"/>
  <system-out/>
</testsuite> <!-- practicePOM_DDF_TestNG.Example1_SwagLabs_TestPage2 -->
