<?xml version="1.0" encoding="UTF-8"?>
<!-- Generated by org.testng.reporters.JUnitReportReporter -->
<testsuite hostname="DESKTOP-FOUIJUS" failures="0" tests="3" name="Selenium_24th.Practice1_EmailableReport" time="0.021" errors="0" timestamp="2023-11-28T12:56:30 IST" skipped="0">
  <testcase classname="Selenium_24th.Practice1_EmailableReport" name="TC2" time="0.003"/>
  <system-out/>
  <testcase classname="Selenium_24th.Practice1_EmailableReport" name="TC1" time="0.012"/>
  <system-out/>
  <testcase classname="Selenium_24th.Practice1_EmailableReport" name="TC3" time="0.006"/>
  <system-out/>
</testsuite> <!-- Selenium_24th.Practice1_EmailableReport -->
