<?xml version="1.0" encoding="UTF-8"?>
<!-- Generated by org.testng.reporters.JUnitReportReporter -->
<testsuite hostname="DESKTOP-FOUIJUS" failures="0" tests="1" name="TestNg.Example11_HardAssert" time="0.008" errors="0" timestamp="2024-05-08T09:39:44 IST" skipped="0">
  <testcase classname="TestNg.Example11_HardAssert" name="VerifyName" time="0.008"/>
  <system-out/>
</testsuite> <!-- TestNg.Example11_HardAssert -->
