<?xml version="1.0" encoding="UTF-8"?>
<!-- Generated by org.testng.reporters.JUnitReportReporter -->
<testsuite hostname="DESKTOP-FOUIJUS" failures="0" tests="2" name="TestNg.Example9_Grouping1" time="0.015" errors="0" timestamp="2024-05-08T09:57:03 IST" skipped="0">
  <testcase classname="TestNg.Example9_Grouping1" name="TC3" time="0.009"/>
  <system-out/>
  <testcase classname="TestNg.Example9_Grouping1" name="TC2" time="0.006"/>
  <system-out/>
</testsuite> <!-- TestNg.Example9_Grouping1 -->
