<?xml version="1.0" encoding="UTF-8"?>
<!-- Generated by org.testng.reporters.JUnitReportReporter -->
<testsuite hostname="DESKTOP-FOUIJUS" failures="0" tests="1" name="DDF_POM_TestNG_BaseClass_UtilityClass.POM_DDF_TestNG_BasEClass_UtilityClass" time="11.435" errors="0" timestamp="2023-12-08T13:00:50 IST" skipped="0">
  <testcase classname="DDF_POM_TestNG_BaseClass_UtilityClass.POM_DDF_TestNG_BasEClass_UtilityClass" name="ToVerifyTitle" time="11.435"/>
  <system-out/>
</testsuite> <!-- DDF_POM_TestNG_BaseClass_UtilityClass.POM_DDF_TestNG_BasEClass_UtilityClass -->
