<?xml version="1.0" encoding="UTF-8"?>
<!-- Generated by org.testng.reporters.JUnitReportReporter -->
<testsuite hostname="DESKTOP-FOUIJUS" failures="0" tests="1" name="POM_DDF_TestNG_BaseClass_UtilityClass_FailedTC_PropertyFile.POM_DDF_TestNG_BasEClass_UtilityClass" time="11.648" errors="0" timestamp="2024-01-03T18:28:37 IST" skipped="0">
  <testcase classname="POM_DDF_TestNG_BaseClass_UtilityClass_FailedTC_PropertyFile.POM_DDF_TestNG_BasEClass_UtilityClass" name="ToVerifyTitle" time="11.648"/>
  <system-out/>
</testsuite> <!-- POM_DDF_TestNG_BaseClass_UtilityClass_FailedTC_PropertyFile.POM_DDF_TestNG_BasEClass_UtilityClass -->
