<?xml version="1.0" encoding="UTF-8"?>
<!-- Generated by org.testng.reporters.JUnitReportReporter -->
<testsuite hostname="DESKTOP-FOUIJUS" failures="0" tests="3" name="testng" time="0.023" errors="0" timestamp="2024-05-06T09:09:25 IST" skipped="0">
  <testcase classname="testng" name="TC1" time="0.018"/>
  <system-out>
    <![CDATA[....TC1 Passed....]]>
  </system-out>
  <testcase classname="testng" name="TC3" time="0.003"/>
  <system-out>
    <![CDATA[....TC3 Passed....]]>
  </system-out>
  <testcase classname="testng" name="TC2" time="0.002"/>
  <system-out>
    <![CDATA[....TC2 Passed....]]>
  </system-out>
</testsuite> <!-- testng -->
