<?xml version="1.0" encoding="UTF-8"?>
<!-- Generated by org.testng.reporters.JUnitReportReporter -->
<testsuite hostname="DESKTOP-FOUIJUS" failures="0" tests="1" name="Selenium_24th.Practice1_EmailableReport1" time="0.012" errors="0" timestamp="2023-11-28T15:07:25 IST" skipped="0">
  <testcase classname="Selenium_24th.Practice1_EmailableReport1" name="TC1" time="0.012"/>
  <system-out/>
</testsuite> <!-- Selenium_24th.Practice1_EmailableReport1 -->
