<?xml version="1.0" encoding="UTF-8"?>
<!-- Generated by org.testng.reporters.JUnitReportReporter -->
<testsuite hostname="DESKTOP-FOUIJUS" failures="0" tests="1" name="POM_DDF_TestNG.SwagLoginTest" time="0.578" errors="0" timestamp="2023-12-04T17:07:07 IST" skipped="0">
  <testcase classname="POM_DDF_TestNG.SwagLoginTest" name="ToVerifyTitle" time="0.578"/>
  <system-out/>
</testsuite> <!-- POM_DDF_TestNG.SwagLoginTest -->
