<?xml version="1.0" encoding="UTF-8"?>
<!-- Generated by org.testng.reporters.JUnitReportReporter -->
<testsuite hostname="DESKTOP-FOUIJUS" failures="0" tests="1" name="TestNg.Example5_AssertEquals_AssertClass1" time="0.012" errors="0" timestamp="2024-05-07T09:54:41 IST" skipped="0">
  <testcase classname="TestNg.Example5_AssertEquals_AssertClass1" name="Tc1" time="0.012"/>
  <system-out/>
</testsuite> <!-- TestNg.Example5_AssertEquals_AssertClass1 -->
