<?xml version="1.0" encoding="UTF-8"?>
<!-- Generated by org.testng.reporters.JUnitReportReporter -->
<testsuite hostname="DESKTOP-FOUIJUS" failures="0" tests="1" name="TestNg.Example4_DiabledTcExecution_ExcludeKeyword" time="0.010" errors="0" timestamp="2024-01-03T20:02:40 IST" skipped="0">
  <testcase classname="TestNg.Example4_DiabledTcExecution_ExcludeKeyword" name="TC3" time="0.010"/>
  <system-out/>
</testsuite> <!-- TestNg.Example4_DiabledTcExecution_ExcludeKeyword -->
