<?xml version="1.0" encoding="UTF-8"?>
<!-- Generated by org.testng.reporters.JUnitReportReporter -->
<testsuite hostname="DESKTOP-FOUIJUS" failures="0" tests="1" name="practice_POM_DDF_TestNG_Base_Utility_Failed_Property.Example1_SwagLabs_TestPage2_UsingPropertyFile" time="4.916" errors="0" timestamp="2024-01-30T21:23:58 IST" skipped="0">
  <testcase classname="practice_POM_DDF_TestNG_Base_Utility_Failed_Property.Example1_SwagLabs_TestPage2_UsingPropertyFile" name="VerifyAppName" time="4.916"/>
  <system-out/>
</testsuite> <!-- practice_POM_DDF_TestNG_Base_Utility_Failed_Property.Example1_SwagLabs_TestPage2_UsingPropertyFile -->
