<?xml version="1.0" encoding="UTF-8"?>
<!-- Generated by org.testng.reporters.JUnitReportReporter -->
<testsuite hostname="DESKTOP-FOUIJUS" failures="0" tests="3" name="TestNg.Example6_FailedXML2" time="0.024" errors="0" timestamp="2024-01-30T12:07:54 IST" skipped="0">
  <testcase classname="TestNg.Example6_FailedXML2" name="TC5" time="0.004"/>
  <system-out/>
  <testcase classname="TestNg.Example6_FailedXML2" name="TC4" time="0.005"/>
  <system-out/>
  <testcase classname="TestNg.Example6_FailedXML2" name="TC6" time="0.015"/>
  <system-out/>
</testsuite> <!-- TestNg.Example6_FailedXML2 -->
