<?xml version="1.0" encoding="UTF-8"?>
<!-- Generated by org.testng.reporters.JUnitReportReporter -->
<testsuite hostname="DESKTOP-FOUIJUS" failures="0" tests="1" name="DDF_POM_TestNG_BaseClass_UtilityClass.POM_DDF_TestNG_BasEClass_UtilityClass1" time="11.585" errors="0" timestamp="2023-12-08T14:27:13 IST" skipped="0">
  <testcase classname="DDF_POM_TestNG_BaseClass_UtilityClass.POM_DDF_TestNG_BasEClass_UtilityClass1" name="ToVerifyTitle" time="11.585"/>
  <system-out/>
</testsuite> <!-- DDF_POM_TestNG_BaseClass_UtilityClass.POM_DDF_TestNG_BasEClass_UtilityClass1 -->
