<?xml version="1.0" encoding="UTF-8"?>
<!-- Generated by org.testng.reporters.JUnitReportReporter -->
<testsuite hostname="DESKTOP-FOUIJUS" failures="0" tests="3" name="TestNg.Example6_FailedXML1" time="0.018" errors="0" timestamp="2024-01-30T12:39:29 IST" skipped="0">
  <testcase classname="TestNg.Example6_FailedXML1" name="TC2" time="0.003"/>
  <system-out/>
  <testcase classname="TestNg.Example6_FailedXML1" name="TC1" time="0.012"/>
  <system-out/>
  <testcase classname="TestNg.Example6_FailedXML1" name="TC3" time="0.003"/>
  <system-out/>
</testsuite> <!-- TestNg.Example6_FailedXML1 -->
