<?xml version="1.0" encoding="UTF-8"?>
<!-- Generated by org.testng.reporters.JUnitReportReporter -->
<testsuite hostname="DESKTOP-FOUIJUS" failures="0" tests="3" name="TestNg.Example3_DiabledTcExecution_IncludeKeyword" time="0.016" errors="0" timestamp="2024-01-03T20:09:04 IST" skipped="0">
  <testcase classname="TestNg.Example3_DiabledTcExecution_IncludeKeyword" name="TC1" time="0.011"/>
  <system-out/>
  <testcase classname="TestNg.Example3_DiabledTcExecution_IncludeKeyword" name="TC3" time="0.003"/>
  <system-out/>
  <testcase classname="TestNg.Example3_DiabledTcExecution_IncludeKeyword" name="TC2" time="0.002"/>
  <system-out/>
</testsuite> <!-- TestNg.Example3_DiabledTcExecution_IncludeKeyword -->
