<?xml version="1.0" encoding="UTF-8"?>
<!-- Generated by org.testng.reporters.JUnitReportReporter -->
<testsuite hostname="DESKTOP-FOUIJUS" failures="0" tests="1" name="DDF_POM_TestNG_Framework.SwagLabsTestPage" time="7.167" errors="0" timestamp="2023-12-27T17:07:17 IST" skipped="0">
  <testcase classname="DDF_POM_TestNG_Framework.SwagLabsTestPage" name="VerifyTitle" time="7.167"/>
  <system-out/>
</testsuite> <!-- DDF_POM_TestNG_Framework.SwagLabsTestPage -->
