<?xml version="1.0" encoding="UTF-8"?>
<!-- Generated by org.testng.reporters.JUnitReportReporter -->
<testsuite hostname="DESKTOP-FOUIJUS" failures="0" tests="2" name="TestNg.Example5_AssertTrue" time="0.012" errors="0" timestamp="2024-01-03T21:43:22 IST" skipped="0">
  <testcase classname="TestNg.Example5_AssertTrue" name="tc1" time="0.011"/>
  <system-out/>
  <testcase classname="TestNg.Example5_AssertTrue" name="tc2" time="0.001"/>
  <system-out/>
</testsuite> <!-- TestNg.Example5_AssertTrue -->
