<?xml version="1.0" encoding="UTF-8"?>
<!-- Generated by org.testng.reporters.JUnitReportReporter -->
<testsuite hostname="DESKTOP-FOUIJUS" failures="0" tests="1" name="TestNg.Example10_InnvocationCount" time="0.022" errors="0" timestamp="2024-05-08T09:47:01 IST" skipped="0">
  <testcase classname="TestNg.Example10_InnvocationCount" name="login" time="0.022"/>
  <system-out>
    <![CDATA[login Passed]]>
  </system-out>
</testsuite> <!-- TestNg.Example10_InnvocationCount -->
