<?xml version="1.0" encoding="UTF-8"?>
<!-- Generated by org.testng.reporters.JUnitReportReporter -->
<testsuite hostname="DESKTOP-FOUIJUS" failures="0" tests="2" name="TestNg.Example9_Grouping2" time="0.020" errors="0" timestamp="2024-05-08T09:57:03 IST" skipped="0">
  <testcase classname="TestNg.Example9_Grouping2" name="TC6" time="0.004"/>
  <system-out/>
  <testcase classname="TestNg.Example9_Grouping2" name="TC4" time="0.016"/>
  <system-out/>
</testsuite> <!-- TestNg.Example9_Grouping2 -->
